{"/home/eimantas/Desktop/back-end/src/crons/updateWeeklyPlanAndSetExpired.js": {"path":"/home/eimantas/Desktop/back-end/src/crons/updateWeeklyPlanAndSetExpired.js","statementMap":{"0":{"start":{"line":1,"column":20},"end":{"line":1,"column":47}},"1":{"start":{"line":2,"column":20},"end":{"line":2,"column":47}},"2":{"start":{"line":3,"column":19},"end":{"line":3,"column":53}},"3":{"start":{"line":4,"column":19},"end":{"line":4,"column":53}},"4":{"start":{"line":5,"column":13},"end":{"line":5,"column":33}},"5":{"start":{"line":6,"column":23},"end":{"line":6,"column":61}},"6":{"start":{"line":7,"column":29},"end":{"line":7,"column":51}},"7":{"start":{"line":8,"column":13},"end":{"line":8,"column":41}},"8":{"start":{"line":14,"column":38},"end":{"line":157,"column":1}},"9":{"start":{"line":16,"column":14},"end":{"line":16,"column":24}},"10":{"start":{"line":17,"column":22},"end":{"line":17,"column":34}},"11":{"start":{"line":20,"column":22},"end":{"line":20,"column":55}},"12":{"start":{"line":23,"column":25},"end":{"line":23,"column":40}},"13":{"start":{"line":24,"column":25},"end":{"line":24,"column":75}},"14":{"start":{"line":26,"column":4},"end":{"line":26,"column":61}},"15":{"start":{"line":28,"column":2},"end":{"line":156,"column":3}},"16":{"start":{"line":30,"column":31},"end":{"line":43,"column":6}},"17":{"start":{"line":45,"column":4},"end":{"line":56,"column":5}},"18":{"start":{"line":46,"column":6},"end":{"line":50,"column":9}},"19":{"start":{"line":47,"column":8},"end":{"line":49,"column":9}},"20":{"start":{"line":48,"column":10},"end":{"line":48,"column":76}},"21":{"start":{"line":52,"column":6},"end":{"line":52,"column":36}},"22":{"start":{"line":53,"column":6},"end":{"line":53,"column":35}},"23":{"start":{"line":55,"column":6},"end":{"line":55,"column":58}},"24":{"start":{"line":58,"column":4},"end":{"line":58,"column":62}},"25":{"start":{"line":59,"column":4},"end":{"line":59,"column":59}},"26":{"start":{"line":62,"column":28},"end":{"line":78,"column":6}},"27":{"start":{"line":81,"column":4},"end":{"line":101,"column":5}},"28":{"start":{"line":83,"column":6},"end":{"line":94,"column":9}},"29":{"start":{"line":84,"column":8},"end":{"line":93,"column":10}},"30":{"start":{"line":87,"column":12},"end":{"line":91,"column":14}},"31":{"start":{"line":96,"column":6},"end":{"line":96,"column":36}},"32":{"start":{"line":97,"column":6},"end":{"line":97,"column":37}},"33":{"start":{"line":100,"column":6},"end":{"line":100,"column":62}},"34":{"start":{"line":103,"column":4},"end":{"line":103,"column":68}},"35":{"start":{"line":105,"column":4},"end":{"line":105,"column":64}},"36":{"start":{"line":108,"column":4},"end":{"line":137,"column":6}},"37":{"start":{"line":139,"column":4},"end":{"line":139,"column":65}},"38":{"start":{"line":142,"column":4},"end":{"line":148,"column":6}},"39":{"start":{"line":150,"column":4},"end":{"line":150,"column":49}},"40":{"start":{"line":152,"column":4},"end":{"line":155,"column":6}},"41":{"start":{"line":162,"column":46},"end":{"line":173,"column":1}},"42":{"start":{"line":163,"column":2},"end":{"line":163,"column":79}},"43":{"start":{"line":166,"column":2},"end":{"line":170,"column":4}},"44":{"start":{"line":168,"column":6},"end":{"line":168,"column":50}},"45":{"start":{"line":172,"column":2},"end":{"line":172,"column":63}},"46":{"start":{"line":178,"column":25},"end":{"line":182,"column":1}},"47":{"start":{"line":179,"column":19},"end":{"line":179,"column":70}},"48":{"start":{"line":180,"column":20},"end":{"line":180,"column":71}},"49":{"start":{"line":181,"column":2},"end":{"line":181,"column":43}},"50":{"start":{"line":187,"column":27},"end":{"line":212,"column":1}},"51":{"start":{"line":189,"column":16},"end":{"line":192,"column":27}},"52":{"start":{"line":195,"column":26},"end":{"line":201,"column":8}},"53":{"start":{"line":196,"column":4},"end":{"line":198,"column":5}},"54":{"start":{"line":197,"column":6},"end":{"line":197,"column":30}},"55":{"start":{"line":199,"column":4},"end":{"line":199,"column":38}},"56":{"start":{"line":200,"column":4},"end":{"line":200,"column":15}},"57":{"start":{"line":203,"column":2},"end":{"line":211,"column":3}},"58":{"start":{"line":204,"column":4},"end":{"line":204,"column":38}},"59":{"start":{"line":205,"column":4},"end":{"line":205,"column":36}},"60":{"start":{"line":207,"column":4},"end":{"line":210,"column":5}},"61":{"start":{"line":208,"column":6},"end":{"line":208,"column":76}},"62":{"start":{"line":209,"column":6},"end":{"line":209,"column":59}},"63":{"start":{"line":217,"column":0},"end":{"line":217,"column":60}},"64":{"start":{"line":217,"column":38},"end":{"line":217,"column":58}},"65":{"start":{"line":221,"column":0},"end":{"line":221,"column":38}}},"fnMap":{"0":{"name":"(anonymous_0)","decl":{"start":{"line":14,"column":38},"end":{"line":14,"column":39}},"loc":{"start":{"line":14,"column":56},"end":{"line":157,"column":1}},"line":14},"1":{"name":"(anonymous_1)","decl":{"start":{"line":46,"column":36},"end":{"line":46,"column":37}},"loc":{"start":{"line":46,"column":50},"end":{"line":50,"column":7}},"line":46},"2":{"name":"(anonymous_2)","decl":{"start":{"line":83,"column":64},"end":{"line":83,"column":65}},"loc":{"start":{"line":83,"column":78},"end":{"line":94,"column":7}},"line":83},"3":{"name":"(anonymous_3)","decl":{"start":{"line":86,"column":36},"end":{"line":86,"column":37}},"loc":{"start":{"line":86,"column":46},"end":{"line":92,"column":11}},"line":86},"4":{"name":"(anonymous_4)","decl":{"start":{"line":162,"column":46},"end":{"line":162,"column":47}},"loc":{"start":{"line":162,"column":65},"end":{"line":173,"column":1}},"line":162},"5":{"name":"(anonymous_5)","decl":{"start":{"line":167,"column":16},"end":{"line":167,"column":17}},"loc":{"start":{"line":167,"column":34},"end":{"line":169,"column":5}},"line":167},"6":{"name":"(anonymous_6)","decl":{"start":{"line":178,"column":25},"end":{"line":178,"column":26}},"loc":{"start":{"line":178,"column":58},"end":{"line":182,"column":1}},"line":178},"7":{"name":"(anonymous_7)","decl":{"start":{"line":187,"column":27},"end":{"line":187,"column":28}},"loc":{"start":{"line":187,"column":39},"end":{"line":212,"column":1}},"line":187},"8":{"name":"(anonymous_8)","decl":{"start":{"line":195,"column":39},"end":{"line":195,"column":40}},"loc":{"start":{"line":195,"column":54},"end":{"line":201,"column":3}},"line":195},"9":{"name":"(anonymous_9)","decl":{"start":{"line":217,"column":32},"end":{"line":217,"column":33}},"loc":{"start":{"line":217,"column":38},"end":{"line":217,"column":58}},"line":217}},"branchMap":{"0":{"loc":{"start":{"line":24,"column":25},"end":{"line":24,"column":75}},"type":"cond-expr","locations":[{"start":{"line":24,"column":46},"end":{"line":24,"column":57}},{"start":{"line":24,"column":60},"end":{"line":24,"column":75}}],"line":24},"1":{"loc":{"start":{"line":26,"column":4},"end":{"line":26,"column":61}},"type":"cond-expr","locations":[{"start":{"line":26,"column":25},"end":{"line":26,"column":39}},{"start":{"line":26,"column":42},"end":{"line":26,"column":61}}],"line":26},"2":{"loc":{"start":{"line":47,"column":8},"end":{"line":49,"column":9}},"type":"if","locations":[{"start":{"line":47,"column":8},"end":{"line":49,"column":9}},{"start":{},"end":{}}],"line":47},"3":{"loc":{"start":{"line":178,"column":36},"end":{"line":178,"column":53}},"type":"default-arg","locations":[{"start":{"line":178,"column":43},"end":{"line":178,"column":53}}],"line":178},"4":{"loc":{"start":{"line":181,"column":9},"end":{"line":181,"column":42}},"type":"binary-expr","locations":[{"start":{"line":181,"column":9},"end":{"line":181,"column":23}},{"start":{"line":181,"column":27},"end":{"line":181,"column":42}}],"line":181},"5":{"loc":{"start":{"line":196,"column":4},"end":{"line":198,"column":5}},"type":"if","locations":[{"start":{"line":196,"column":4},"end":{"line":198,"column":5}},{"start":{},"end":{}}],"line":196},"6":{"loc":{"start":{"line":207,"column":4},"end":{"line":210,"column":5}},"type":"if","locations":[{"start":{"line":207,"column":4},"end":{"line":210,"column":5}},{"start":{},"end":{}}],"line":207}},"s":{"0":1,"1":1,"2":1,"3":1,"4":1,"5":1,"6":1,"7":1,"8":1,"9":0,"10":0,"11":0,"12":0,"13":0,"14":0,"15":0,"16":0,"17":0,"18":0,"19":0,"20":0,"21":0,"22":0,"23":0,"24":0,"25":0,"26":0,"27":0,"28":0,"29":0,"30":0,"31":0,"32":0,"33":0,"34":0,"35":0,"36":0,"37":0,"38":0,"39":0,"40":0,"41":1,"42":0,"43":0,"44":0,"45":0,"46":1,"47":5,"48":5,"49":5,"50":1,"51":0,"52":0,"53":0,"54":0,"55":0,"56":0,"57":0,"58":0,"59":0,"60":0,"61":0,"62":0,"63":1,"64":0,"65":1},"f":{"0":0,"1":0,"2":0,"3":0,"4":0,"5":0,"6":5,"7":0,"8":0,"9":0},"b":{"0":[0,0],"1":[0,0],"2":[0,0],"3":[0],"4":[5,4],"5":[0,0],"6":[0,0]},"_coverageSchema":"1a1c01bbd47fc00a2c39e90264f33305004495a9","hash":"f8d283063e8aa1eff60b888384b725e78d6dc30c"}
,"/home/eimantas/Desktop/back-end/src/models/SingleDayOrder.js": {"path":"/home/eimantas/Desktop/back-end/src/models/SingleDayOrder.js","statementMap":{"0":{"start":{"line":1,"column":17},"end":{"line":1,"column":36}},"1":{"start":{"line":3,"column":29},"end":{"line":84,"column":1}},"2":{"start":{"line":86,"column":23},"end":{"line":86,"column":77}},"3":{"start":{"line":87,"column":0},"end":{"line":87,"column":32}}},"fnMap":{},"branchMap":{},"s":{"0":1,"1":1,"2":1,"3":1},"f":{},"b":{},"_coverageSchema":"1a1c01bbd47fc00a2c39e90264f33305004495a9","hash":"ed076416eade1bab8f250b74240b70ede09c54dd"}
,"/home/eimantas/Desktop/back-end/src/models/User.js": {"path":"/home/eimantas/Desktop/back-end/src/models/User.js","statementMap":{"0":{"start":{"line":1,"column":17},"end":{"line":1,"column":36}},"1":{"start":{"line":2,"column":18},"end":{"line":2,"column":38}},"2":{"start":{"line":3,"column":15},"end":{"line":3,"column":34}},"3":{"start":{"line":4,"column":15},"end":{"line":4,"column":32}},"4":{"start":{"line":6,"column":19},"end":{"line":113,"column":2}},"5":{"start":{"line":19,"column":8},"end":{"line":19,"column":71}},"6":{"start":{"line":29,"column":8},"end":{"line":29,"column":36}},"7":{"start":{"line":116,"column":0},"end":{"line":122,"column":3}},"8":{"start":{"line":118,"column":2},"end":{"line":118,"column":50}},"9":{"start":{"line":118,"column":36},"end":{"line":118,"column":50}},"10":{"start":{"line":119,"column":2},"end":{"line":119,"column":55}},"11":{"start":{"line":120,"column":2},"end":{"line":120,"column":35}},"12":{"start":{"line":121,"column":2},"end":{"line":121,"column":9}},"13":{"start":{"line":125,"column":0},"end":{"line":130,"column":3}},"14":{"start":{"line":127,"column":2},"end":{"line":127,"column":64}},"15":{"start":{"line":127,"column":50},"end":{"line":127,"column":64}},"16":{"start":{"line":128,"column":2},"end":{"line":128,"column":45}},"17":{"start":{"line":129,"column":2},"end":{"line":129,"column":9}},"18":{"start":{"line":133,"column":0},"end":{"line":138,"column":2}},"19":{"start":{"line":137,"column":2},"end":{"line":137,"column":63}},"20":{"start":{"line":141,"column":0},"end":{"line":150,"column":2}},"21":{"start":{"line":142,"column":2},"end":{"line":148,"column":3}},"22":{"start":{"line":143,"column":29},"end":{"line":146,"column":5}},"23":{"start":{"line":147,"column":4},"end":{"line":147,"column":43}},"24":{"start":{"line":149,"column":2},"end":{"line":149,"column":15}},"25":{"start":{"line":153,"column":0},"end":{"line":161,"column":2}},"26":{"start":{"line":154,"column":21},"end":{"line":154,"column":59}},"27":{"start":{"line":155,"column":2},"end":{"line":158,"column":19}},"28":{"start":{"line":159,"column":2},"end":{"line":159,"column":58}},"29":{"start":{"line":160,"column":2},"end":{"line":160,"column":20}},"30":{"start":{"line":164,"column":0},"end":{"line":171,"column":2}},"31":{"start":{"line":165,"column":22},"end":{"line":165,"column":77}},"32":{"start":{"line":166,"column":15},"end":{"line":169,"column":4}},"33":{"start":{"line":170,"column":2},"end":{"line":170,"column":14}},"34":{"start":{"line":174,"column":0},"end":{"line":183,"column":2}},"35":{"start":{"line":178,"column":2},"end":{"line":178,"column":30}},"36":{"start":{"line":179,"column":2},"end":{"line":179,"column":44}},"37":{"start":{"line":180,"column":2},"end":{"line":180,"column":38}},"38":{"start":{"line":181,"column":2},"end":{"line":181,"column":40}},"39":{"start":{"line":182,"column":2},"end":{"line":182,"column":20}},"40":{"start":{"line":185,"column":13},"end":{"line":185,"column":47}},"41":{"start":{"line":186,"column":0},"end":{"line":186,"column":22}}},"fnMap":{"0":{"name":"(anonymous_0)","decl":{"start":{"line":18,"column":17},"end":{"line":18,"column":18}},"loc":{"start":{"line":18,"column":31},"end":{"line":20,"column":7}},"line":18},"1":{"name":"(anonymous_1)","decl":{"start":{"line":28,"column":17},"end":{"line":28,"column":18}},"loc":{"start":{"line":28,"column":31},"end":{"line":30,"column":7}},"line":28},"2":{"name":"(anonymous_2)","decl":{"start":{"line":116,"column":23},"end":{"line":116,"column":24}},"loc":{"start":{"line":116,"column":45},"end":{"line":122,"column":1}},"line":116},"3":{"name":"(anonymous_3)","decl":{"start":{"line":125,"column":23},"end":{"line":125,"column":24}},"loc":{"start":{"line":125,"column":39},"end":{"line":130,"column":1}},"line":125},"4":{"name":"(anonymous_4)","decl":{"start":{"line":133,"column":37},"end":{"line":133,"column":38}},"loc":{"start":{"line":136,"column":2},"end":{"line":138,"column":1}},"line":136},"5":{"name":"(anonymous_5)","decl":{"start":{"line":141,"column":42},"end":{"line":141,"column":43}},"loc":{"start":{"line":141,"column":66},"end":{"line":150,"column":1}},"line":141},"6":{"name":"(anonymous_6)","decl":{"start":{"line":153,"column":46},"end":{"line":153,"column":47}},"loc":{"start":{"line":153,"column":58},"end":{"line":161,"column":1}},"line":153},"7":{"name":"(anonymous_7)","decl":{"start":{"line":164,"column":38},"end":{"line":164,"column":39}},"loc":{"start":{"line":164,"column":61},"end":{"line":171,"column":1}},"line":164},"8":{"name":"(anonymous_8)","decl":{"start":{"line":174,"column":35},"end":{"line":174,"column":36}},"loc":{"start":{"line":177,"column":2},"end":{"line":183,"column":1}},"line":177}},"branchMap":{"0":{"loc":{"start":{"line":19,"column":15},"end":{"line":19,"column":70}},"type":"binary-expr","locations":[{"start":{"line":19,"column":15},"end":{"line":19,"column":28}},{"start":{"line":19,"column":32},"end":{"line":19,"column":70}}],"line":19},"1":{"loc":{"start":{"line":118,"column":2},"end":{"line":118,"column":50}},"type":"if","locations":[{"start":{"line":118,"column":2},"end":{"line":118,"column":50}},{"start":{},"end":{}}],"line":118},"2":{"loc":{"start":{"line":127,"column":2},"end":{"line":127,"column":64}},"type":"if","locations":[{"start":{"line":127,"column":2},"end":{"line":127,"column":64}},{"start":{},"end":{}}],"line":127},"3":{"loc":{"start":{"line":127,"column":6},"end":{"line":127,"column":48}},"type":"binary-expr","locations":[{"start":{"line":127,"column":6},"end":{"line":127,"column":34}},{"start":{"line":127,"column":38},"end":{"line":127,"column":48}}],"line":127},"4":{"loc":{"start":{"line":142,"column":2},"end":{"line":148,"column":3}},"type":"if","locations":[{"start":{"line":142,"column":2},"end":{"line":148,"column":3}},{"start":{},"end":{}}],"line":142}},"s":{"0":1,"1":1,"2":1,"3":1,"4":1,"5":0,"6":0,"7":1,"8":0,"9":0,"10":0,"11":0,"12":0,"13":1,"14":0,"15":0,"16":0,"17":0,"18":1,"19":0,"20":1,"21":0,"22":0,"23":0,"24":0,"25":1,"26":0,"27":0,"28":0,"29":0,"30":1,"31":0,"32":0,"33":0,"34":1,"35":0,"36":0,"37":0,"38":0,"39":0,"40":1,"41":1},"f":{"0":0,"1":0,"2":0,"3":0,"4":0,"5":0,"6":0,"7":0,"8":0},"b":{"0":[0,0],"1":[0,0],"2":[0,0],"3":[0,0],"4":[0,0]},"_coverageSchema":"1a1c01bbd47fc00a2c39e90264f33305004495a9","hash":"69b1cfda21c2fa577607874d9fbb6f3ad93937e6"}
,"/home/eimantas/Desktop/back-end/src/models/WeeklyMenu.js": {"path":"/home/eimantas/Desktop/back-end/src/models/WeeklyMenu.js","statementMap":{"0":{"start":{"line":1,"column":17},"end":{"line":1,"column":36}},"1":{"start":{"line":3,"column":25},"end":{"line":119,"column":1}},"2":{"start":{"line":122,"column":0},"end":{"line":122,"column":64}},"3":{"start":{"line":123,"column":0},"end":{"line":123,"column":58}},"4":{"start":{"line":126,"column":0},"end":{"line":132,"column":3}},"5":{"start":{"line":128,"column":4},"end":{"line":128,"column":19}},"6":{"start":{"line":129,"column":4},"end":{"line":129,"column":20}},"7":{"start":{"line":130,"column":4},"end":{"line":130,"column":15}},"8":{"start":{"line":134,"column":19},"end":{"line":134,"column":65}},"9":{"start":{"line":135,"column":0},"end":{"line":135,"column":28}}},"fnMap":{"0":{"name":"(anonymous_0)","decl":{"start":{"line":127,"column":13},"end":{"line":127,"column":14}},"loc":{"start":{"line":127,"column":27},"end":{"line":131,"column":3}},"line":127}},"branchMap":{},"s":{"0":1,"1":1,"2":1,"3":1,"4":1,"5":0,"6":0,"7":0,"8":1,"9":1},"f":{"0":0},"b":{},"_coverageSchema":"1a1c01bbd47fc00a2c39e90264f33305004495a9","hash":"1853575edac4180dd9bc1b549c010125d7af1860"}
,"/home/eimantas/Desktop/back-end/src/models/WeeklyPlan.js": {"path":"/home/eimantas/Desktop/back-end/src/models/WeeklyPlan.js","statementMap":{"0":{"start":{"line":1,"column":17},"end":{"line":1,"column":36}},"1":{"start":{"line":3,"column":25},"end":{"line":51,"column":1}},"2":{"start":{"line":54,"column":0},"end":{"line":54,"column":44}},"3":{"start":{"line":56,"column":19},"end":{"line":56,"column":65}},"4":{"start":{"line":57,"column":0},"end":{"line":57,"column":28}}},"fnMap":{},"branchMap":{},"s":{"0":1,"1":1,"2":1,"3":1,"4":1},"f":{},"b":{},"_coverageSchema":"1a1c01bbd47fc00a2c39e90264f33305004495a9","hash":"54ddf62b45dc7ffc83257587d22a6ad2a4c20912"}
}
