TN:
SF:src/crons/updateWeeklyPlanAndSetExpired.js
FN:14,(anonymous_0)
FN:46,(anonymous_1)
FN:83,(anonymous_2)
FN:86,(anonymous_3)
FN:162,(anonymous_4)
FN:167,(anonymous_5)
FN:178,(anonymous_6)
FN:187,(anonymous_7)
FN:195,(anonymous_8)
FN:217,(anonymous_9)
FNF:10
FNH:1
FNDA:0,(anonymous_0)
FNDA:0,(anonymous_1)
FNDA:0,(anonymous_2)
FNDA:0,(anonymous_3)
FNDA:0,(anonymous_4)
FNDA:0,(anonymous_5)
FNDA:5,(anonymous_6)
FNDA:0,(anonymous_7)
FNDA:0,(anonymous_8)
FNDA:0,(anonymous_9)
DA:1,1
DA:2,1
DA:3,1
DA:4,1
DA:5,1
DA:6,1
DA:7,1
DA:8,1
DA:14,1
DA:16,0
DA:17,0
DA:20,0
DA:23,0
DA:24,0
DA:26,0
DA:28,0
DA:30,0
DA:45,0
DA:46,0
DA:47,0
DA:48,0
DA:52,0
DA:53,0
DA:55,0
DA:58,0
DA:59,0
DA:62,0
DA:81,0
DA:83,0
DA:84,0
DA:87,0
DA:96,0
DA:97,0
DA:100,0
DA:103,0
DA:105,0
DA:108,0
DA:139,0
DA:142,0
DA:150,0
DA:152,0
DA:162,1
DA:163,0
DA:166,0
DA:168,0
DA:172,0
DA:178,1
DA:179,5
DA:180,5
DA:181,5
DA:187,1
DA:189,0
DA:195,0
DA:196,0
DA:197,0
DA:199,0
DA:200,0
DA:203,0
DA:204,0
DA:205,0
DA:207,0
DA:208,0
DA:209,0
DA:217,1
DA:221,1
LF:65
LH:17
BRDA:24,0,0,0
BRDA:24,0,1,0
BRDA:26,1,0,0
BRDA:26,1,1,0
BRDA:47,2,0,0
BRDA:47,2,1,0
BRDA:178,3,0,0
BRDA:181,4,0,5
BRDA:181,4,1,4
BRDA:196,5,0,0
BRDA:196,5,1,0
BRDA:207,6,0,0
BRDA:207,6,1,0
BRF:13
BRH:2
end_of_record
TN:
SF:src/models/SingleDayOrder.js
FNF:0
FNH:0
DA:1,1
DA:3,1
DA:86,1
DA:87,1
LF:4
LH:4
BRF:0
BRH:0
end_of_record
TN:
SF:src/models/User.js
FN:18,(anonymous_0)
FN:28,(anonymous_1)
FN:116,(anonymous_2)
FN:125,(anonymous_3)
FN:133,(anonymous_4)
FN:141,(anonymous_5)
FN:153,(anonymous_6)
FN:164,(anonymous_7)
FN:174,(anonymous_8)
FNF:9
FNH:0
FNDA:0,(anonymous_0)
FNDA:0,(anonymous_1)
FNDA:0,(anonymous_2)
FNDA:0,(anonymous_3)
FNDA:0,(anonymous_4)
FNDA:0,(anonymous_5)
FNDA:0,(anonymous_6)
FNDA:0,(anonymous_7)
FNDA:0,(anonymous_8)
DA:1,1
DA:2,1
DA:3,1
DA:4,1
DA:6,1
DA:19,0
DA:29,0
DA:116,1
DA:118,0
DA:119,0
DA:120,0
DA:121,0
DA:125,1
DA:127,0
DA:128,0
DA:129,0
DA:133,1
DA:137,0
DA:141,1
DA:142,0
DA:143,0
DA:147,0
DA:149,0
DA:153,1
DA:154,0
DA:155,0
DA:159,0
DA:160,0
DA:164,1
DA:165,0
DA:166,0
DA:170,0
DA:174,1
DA:178,0
DA:179,0
DA:180,0
DA:181,0
DA:182,0
DA:185,1
DA:186,1
LF:40
LH:14
BRDA:19,0,0,0
BRDA:19,0,1,0
BRDA:118,1,0,0
BRDA:118,1,1,0
BRDA:127,2,0,0
BRDA:127,2,1,0
BRDA:127,3,0,0
BRDA:127,3,1,0
BRDA:142,4,0,0
BRDA:142,4,1,0
BRF:10
BRH:0
end_of_record
TN:
SF:src/models/WeeklyMenu.js
FN:127,(anonymous_0)
FNF:1
FNH:0
FNDA:0,(anonymous_0)
DA:1,1
DA:3,1
DA:122,1
DA:123,1
DA:126,1
DA:128,0
DA:129,0
DA:130,0
DA:134,1
DA:135,1
LF:10
LH:7
BRF:0
BRH:0
end_of_record
TN:
SF:src/models/WeeklyPlan.js
FNF:0
FNH:0
DA:1,1
DA:3,1
DA:54,1
DA:56,1
DA:57,1
LF:5
LH:5
BRF:0
BRH:0
end_of_record
